{"C:\\Users\\Administrator\\WebstormProjects\\untitled1231\\src\\js\\App.js": {"path":"C:\\Users\\Administrator\\WebstormProjects\\untitled1231\\src\\js\\App.js","statementMap":{"0":{"start":{"line":2,"column":22},"end":{"line":2,"column":28}},"1":{"start":{"line":3,"column":17},"end":{"line":3,"column":28}},"2":{"start":{"line":4,"column":4},"end":{"line":7,"column":5}},"3":{"start":{"line":5,"column":70},"end":{"line":5,"column":84}},"4":{"start":{"line":6,"column":8},"end":{"line":6,"column":51}},"5":{"start":{"line":8,"column":4},"end":{"line":8,"column":18}}},"fnMap":{"0":{"name":"destructionObject","decl":{"start":{"line":1,"column":16},"end":{"line":1,"column":33}},"loc":{"start":{"line":1,"column":41},"end":{"line":9,"column":1}},"line":1}},"branchMap":{"0":{"loc":{"start":{"line":5,"column":31},"end":{"line":5,"column":66}},"type":"default-arg","locations":[{"start":{"line":5,"column":45},"end":{"line":5,"column":66}}],"line":5}},"s":{"0":1,"1":1,"2":1,"3":2,"4":2,"5":1},"f":{"0":1},"b":{"0":[1]},"_coverageSchema":"1a1c01bbd47fc00a2c39e90264f33305004495a9","hash":"8a263e327544e579778805791a07cb1e54078f41"}
}
